<?xml version="1.0" encoding="UTF-8"?>
<testsuite xmlns:xsi="http://www.w3.org/2001/XMLSchema-instance" xsi:noNamespaceSchemaLocation="https://maven.apache.org/surefire/maven-surefire-plugin/xsd/surefire-test-report-3.0.xsd" version="3.0" name="de.dimitri.LottoTest" time="2.269" tests="2" errors="2" skipped="0" failures="0">
  <properties>
    <property name="java.specification.version" value="23"/>
    <property name="test.url" value="http://localhost:8081"/>
    <property name="sun.jnu.encoding" value="UTF-8"/>
    <property name="io.quarkus.security.http.test-if-basic-auth-implicitly-required" value="true"/>
    <property name="java.class.path" value="/Users/wolfgangbauer/dev/workspace/quarkus-lambda/myrestapi/target/test-classes:/Users/wolfgangbauer/dev/workspace/quarkus-lambda/myrestapi/target/classes:/Users/wolfgangbauer/.m2/repository/io/quarkus/quarkus-rest/3.16.1/quarkus-rest-3.16.1.jar:/Users/wolfgangbauer/.m2/repository/io/quarkus/quarkus-rest-common/3.16.1/quarkus-rest-common-3.16.1.jar:/Users/wolfgangbauer/.m2/repository/io/quarkus/resteasy/reactive/resteasy-reactive-common/3.16.1/resteasy-reactive-common-3.16.1.jar:/Users/wolfgangbauer/.m2/repository/io/quarkus/resteasy/reactive/resteasy-reactive-common-types/3.16.1/resteasy-reactive-common-types-3.16.1.jar:/Users/wolfgangbauer/.m2/repository/io/smallrye/reactive/mutiny/2.6.2/mutiny-2.6.2.jar:/Users/wolfgangbauer/.m2/repository/org/jctools/jctools-core/4.0.5/jctools-core-4.0.5.jar:/Users/wolfgangbauer/.m2/repository/org/reactivestreams/reactive-streams/1.0.4/reactive-streams-1.0.4.jar:/Users/wolfgangbauer/.m2/repository/io/smallrye/reactive/mutiny-zero-flow-adapters/1.1.0/mutiny-zero-flow-adapters-1.1.0.jar:/Users/wolfgangbauer/.m2/repository/io/smallrye/common/smallrye-common-annotation/2.7.0/smallrye-common-annotation-2.7.0.jar:/Users/wolfgangbauer/.m2/repository/io/quarkus/quarkus-mutiny/3.16.1/quarkus-mutiny-3.16.1.jar:/Users/wolfgangbauer/.m2/repository/io/quarkus/quarkus-smallrye-context-propagation/3.16.1/quarkus-smallrye-context-propagation-3.16.1.jar:/Users/wolfgangbauer/.m2/repository/io/smallrye/smallrye-context-propagation/2.1.2/smallrye-context-propagation-2.1.2.jar:/Users/wolfgangbauer/.m2/repository/io/smallrye/smallrye-context-propagation-api/2.1.2/smallrye-context-propagation-api-2.1.2.jar:/Users/wolfgangbauer/.m2/repository/io/smallrye/smallrye-context-propagation-storage/2.1.2/smallrye-context-propagation-storage-2.1.2.jar:/Users/wolfgangbauer/.m2/repository/io/smallrye/reactive/mutiny-smallrye-context-propagation/2.6.2/mutiny-smallrye-context-propagation-2.6.2.jar:/Users/wolfgangbauer/.m2/repository/io/quarkus/quarkus-vertx/3.16.1/quarkus-vertx-3.16.1.jar:/Users/wolfgangbauer/.m2/repository/io/quarkus/quarkus-netty/3.16.1/quarkus-netty-3.16.1.jar:/Users/wolfgangbauer/.m2/repository/io/netty/netty-codec/4.1.111.Final/netty-codec-4.1.111.Final.jar:/Users/wolfgangbauer/.m2/repository/io/netty/netty-codec-haproxy/4.1.111.Final/netty-codec-haproxy-4.1.111.Final.jar:/Users/wolfgangbauer/.m2/repository/io/quarkus/quarkus-vertx-latebound-mdc-provider/3.16.1/quarkus-vertx-latebound-mdc-provider-3.16.1.jar:/Users/wolfgangbauer/.m2/repository/io/smallrye/smallrye-fault-tolerance-vertx/6.5.0/smallrye-fault-tolerance-vertx-6.5.0.jar:/Users/wolfgangbauer/.m2/repository/io/quarkus/resteasy/reactive/resteasy-reactive-vertx/3.16.1/resteasy-reactive-vertx-3.16.1.jar:/Users/wolfgangbauer/.m2/repository/io/vertx/vertx-web/4.5.10/vertx-web-4.5.10.jar:/Users/wolfgangbauer/.m2/repository/io/vertx/vertx-web-common/4.5.10/vertx-web-common-4.5.10.jar:/Users/wolfgangbauer/.m2/repository/io/vertx/vertx-auth-common/4.5.10/vertx-auth-common-4.5.10.jar:/Users/wolfgangbauer/.m2/repository/io/vertx/vertx-bridge-common/4.5.10/vertx-bridge-common-4.5.10.jar:/Users/wolfgangbauer/.m2/repository/io/smallrye/reactive/smallrye-mutiny-vertx-core/3.15.0/smallrye-mutiny-vertx-core-3.15.0.jar:/Users/wolfgangbauer/.m2/repository/io/smallrye/reactive/smallrye-mutiny-vertx-runtime/3.15.0/smallrye-mutiny-vertx-runtime-3.15.0.jar:/Users/wolfgangbauer/.m2/repository/io/smallrye/reactive/vertx-mutiny-generator/3.15.0/vertx-mutiny-generator-3.15.0.jar:/Users/wolfgangbauer/.m2/repository/io/vertx/vertx-codegen/4.5.10/vertx-codegen-4.5.10.jar:/Users/wolfgangbauer/.m2/repository/io/quarkus/resteasy/reactive/resteasy-reactive/3.16.1/resteasy-reactive-3.16.1.jar:/Users/wolfgangbauer/.m2/repository/io/quarkus/vertx/utils/quarkus-vertx-utils/3.16.1/quarkus-vertx-utils-3.16.1.jar:/Users/wolfgangbauer/.m2/repository/jakarta/enterprise/jakarta.enterprise.cdi-api/4.1.0/jakarta.enterprise.cdi-api-4.1.0.jar:/Users/wolfgangbauer/.m2/repository/jakarta/enterprise/jakarta.enterprise.lang-model/4.1.0/jakarta.enterprise.lang-model-4.1.0.jar:/Users/wolfgangbauer/.m2/repository/jakarta/el/jakarta.el-api/5.0.1/jakarta.el-api-5.0.1.jar:/Users/wolfgangbauer/.m2/repository/jakarta/ws/rs/jakarta.ws.rs-api/3.1.0/jakarta.ws.rs-api-3.1.0.jar:/Users/wolfgangbauer/.m2/repository/jakarta/annotation/jakarta.annotation-api/3.0.0/jakarta.annotation-api-3.0.0.jar:/Users/wolfgangbauer/.m2/repository/org/jboss/logging/commons-logging-jboss-logging/1.0.0.Final/commons-logging-jboss-logging-1.0.0.Final.jar:/Users/wolfgangbauer/.m2/repository/jakarta/xml/bind/jakarta.xml.bind-api/4.0.2/jakarta.xml.bind-api-4.0.2.jar:/Users/wolfgangbauer/.m2/repository/jakarta/activation/jakarta.activation-api/2.1.3/jakarta.activation-api-2.1.3.jar:/Users/wolfgangbauer/.m2/repository/org/jboss/logging/jboss-logging/3.6.1.Final/jboss-logging-3.6.1.Final.jar:/Users/wolfgangbauer/.m2/repository/io/quarkus/quarkus-vertx-http/3.16.1/quarkus-vertx-http-3.16.1.jar:/Users/wolfgangbauer/.m2/repository/io/quarkus/quarkus-security-runtime-spi/3.16.1/quarkus-security-runtime-spi-3.16.1.jar:/Users/wolfgangbauer/.m2/repository/io/quarkus/quarkus-tls-registry/3.16.1/quarkus-tls-registry-3.16.1.jar:/Users/wolfgangbauer/.m2/repository/io/quarkus/quarkus-credentials/3.16.1/quarkus-credentials-3.16.1.jar:/Users/wolfgangbauer/.m2/repository/io/smallrye/common/smallrye-common-vertx-context/2.7.0/smallrye-common-vertx-context-2.7.0.jar:/Users/wolfgangbauer/.m2/repository/io/smallrye/common/smallrye-common-constraint/2.7.0/smallrye-common-constraint-2.7.0.jar:/Users/wolfgangbauer/.m2/repository/io/quarkus/security/quarkus-security/2.1.0/quarkus-security-2.1.0.jar:/Users/wolfgangbauer/.m2/repository/io/smallrye/reactive/smallrye-mutiny-vertx-web/3.15.0/smallrye-mutiny-vertx-web-3.15.0.jar:/Users/wolfgangbauer/.m2/repository/io/smallrye/reactive/smallrye-mutiny-vertx-web-common/3.15.0/smallrye-mutiny-vertx-web-common-3.15.0.jar:/Users/wolfgangbauer/.m2/repository/io/smallrye/reactive/smallrye-mutiny-vertx-auth-common/3.15.0/smallrye-mutiny-vertx-auth-common-3.15.0.jar:/Users/wolfgangbauer/.m2/repository/io/smallrye/reactive/smallrye-mutiny-vertx-bridge-common/3.15.0/smallrye-mutiny-vertx-bridge-common-3.15.0.jar:/Users/wolfgangbauer/.m2/repository/io/smallrye/reactive/smallrye-mutiny-vertx-uri-template/3.15.0/smallrye-mutiny-vertx-uri-template-3.15.0.jar:/Users/wolfgangbauer/.m2/repository/io/vertx/vertx-uri-template/4.5.10/vertx-uri-template-4.5.10.jar:/Users/wolfgangbauer/.m2/repository/io/github/crac/org-crac/0.1.3/org-crac-0.1.3.jar:/Users/wolfgangbauer/.m2/repository/com/aayushatharva/brotli4j/brotli4j/1.16.0/brotli4j-1.16.0.jar:/Users/wolfgangbauer/.m2/repository/com/aayushatharva/brotli4j/service/1.16.0/service-1.16.0.jar:/Users/wolfgangbauer/.m2/repository/com/aayushatharva/brotli4j/native-osx-aarch64/1.16.0/native-osx-aarch64-1.16.0.jar:/Users/wolfgangbauer/.m2/repository/io/quarkus/quarkus-jsonp/3.16.1/quarkus-jsonp-3.16.1.jar:/Users/wolfgangbauer/.m2/repository/org/eclipse/parsson/parsson/1.1.7/parsson-1.1.7.jar:/Users/wolfgangbauer/.m2/repository/jakarta/json/jakarta.json-api/2.1.3/jakarta.json-api-2.1.3.jar:/Users/wolfgangbauer/.m2/repository/io/quarkus/quarkus-virtual-threads/3.16.1/quarkus-virtual-threads-3.16.1.jar:/Users/wolfgangbauer/.m2/repository/io/vertx/vertx-core/4.5.10/vertx-core-4.5.10.jar:/Users/wolfgangbauer/.m2/repository/io/netty/netty-common/4.1.111.Final/netty-common-4.1.111.Final.jar:/Users/wolfgangbauer/.m2/repository/io/netty/netty-buffer/4.1.111.Final/netty-buffer-4.1.111.Final.jar:/Users/wolfgangbauer/.m2/repository/io/netty/netty-transport/4.1.111.Final/netty-transport-4.1.111.Final.jar:/Users/wolfgangbauer/.m2/repository/io/netty/netty-handler/4.1.111.Final/netty-handler-4.1.111.Final.jar:/Users/wolfgangbauer/.m2/repository/io/netty/netty-transport-native-unix-common/4.1.111.Final/netty-transport-native-unix-common-4.1.111.Final.jar:/Users/wolfgangbauer/.m2/repository/io/netty/netty-handler-proxy/4.1.111.Final/netty-handler-proxy-4.1.111.Final.jar:/Users/wolfgangbauer/.m2/repository/io/netty/netty-codec-socks/4.1.111.Final/netty-codec-socks-4.1.111.Final.jar:/Users/wolfgangbauer/.m2/repository/io/netty/netty-codec-http/4.1.111.Final/netty-codec-http-4.1.111.Final.jar:/Users/wolfgangbauer/.m2/repository/io/netty/netty-codec-http2/4.1.111.Final/netty-codec-http2-4.1.111.Final.jar:/Users/wolfgangbauer/.m2/repository/io/netty/netty-resolver/4.1.111.Final/netty-resolver-4.1.111.Final.jar:/Users/wolfgangbauer/.m2/repository/io/netty/netty-resolver-dns/4.1.111.Final/netty-resolver-dns-4.1.111.Final.jar:/Users/wolfgangbauer/.m2/repository/io/netty/netty-codec-dns/4.1.111.Final/netty-codec-dns-4.1.111.Final.jar:/Users/wolfgangbauer/.m2/repository/io/quarkus/quarkus-rest-client-jackson/3.16.1/quarkus-rest-client-jackson-3.16.1.jar:/Users/wolfgangbauer/.m2/repository/io/quarkus/resteasy/reactive/resteasy-reactive-jackson/3.16.1/resteasy-reactive-jackson-3.16.1.jar:/Users/wolfgangbauer/.m2/repository/com/fasterxml/jackson/core/jackson-databind/2.18.0/jackson-databind-2.18.0.jar:/Users/wolfgangbauer/.m2/repository/com/fasterxml/jackson/core/jackson-annotations/2.18.0/jackson-annotations-2.18.0.jar:/Users/wolfgangbauer/.m2/repository/io/quarkus/quarkus-rest-jackson-common/3.16.1/quarkus-rest-jackson-common-3.16.1.jar:/Users/wolfgangbauer/.m2/repository/io/quarkus/quarkus-jackson/3.16.1/quarkus-jackson-3.16.1.jar:/Users/wolfgangbauer/.m2/repository/com/fasterxml/jackson/datatype/jackson-datatype-jsr310/2.18.0/jackson-datatype-jsr310-2.18.0.jar:/Users/wolfgangbauer/.m2/repository/com/fasterxml/jackson/datatype/jackson-datatype-jdk8/2.18.0/jackson-datatype-jdk8-2.18.0.jar:/Users/wolfgangbauer/.m2/repository/com/fasterxml/jackson/module/jackson-module-parameter-names/2.18.0/jackson-module-parameter-names-2.18.0.jar:/Users/wolfgangbauer/.m2/repository/io/quarkus/quarkus-rest-client/3.16.1/quarkus-rest-client-3.16.1.jar:/Users/wolfgangbauer/.m2/repository/io/quarkus/quarkus-rest-client-jaxrs/3.16.1/quarkus-rest-client-jaxrs-3.16.1.jar:/Users/wolfgangbauer/.m2/repository/io/quarkus/resteasy/reactive/resteasy-reactive-client/3.16.1/resteasy-reactive-client-3.16.1.jar:/Users/wolfgangbauer/.m2/repository/io/vertx/vertx-web-client/4.5.10/vertx-web-client-4.5.10.jar:/Users/wolfgangbauer/.m2/repository/io/quarkus/quarkus-smallrye-stork/3.16.1/quarkus-smallrye-stork-3.16.1.jar:/Users/wolfgangbauer/.m2/repository/io/quarkus/quarkus-rest-client-config/3.16.1/quarkus-rest-client-config-3.16.1.jar:/Users/wolfgangbauer/.m2/repository/io/smallrye/stork/stork-api/2.7.0/stork-api-2.7.0.jar:/Users/wolfgangbauer/.m2/repository/io/smallrye/stork/stork-core/2.7.0/stork-core-2.7.0.jar:/Users/wolfgangbauer/.m2/repository/org/eclipse/microprofile/rest/client/microprofile-rest-client-api/3.0.1/microprofile-rest-client-api-3.0.1.jar:/Users/wolfgangbauer/.m2/repository/io/quarkus/quarkus-amazon-lambda-rest/3.16.1/quarkus-amazon-lambda-rest-3.16.1.jar:/Users/wolfgangbauer/.m2/repository/io/quarkus/quarkus-security/3.16.1/quarkus-security-3.16.1.jar:/Users/wolfgangbauer/.m2/repository/jakarta/interceptor/jakarta.interceptor-api/2.2.0/jakarta.interceptor-api-2.2.0.jar:/Users/wolfgangbauer/.m2/repository/io/quarkus/quarkus-amazon-lambda/3.16.1/quarkus-amazon-lambda-3.16.1.jar:/Users/wolfgangbauer/.m2/repository/io/quarkus/quarkus-amazon-lambda-common/3.16.1/quarkus-amazon-lambda-common-3.16.1.jar:/Users/wolfgangbauer/.m2/repository/com/amazonaws/aws-lambda-java-core/1.2.3/aws-lambda-java-core-1.2.3.jar:/Users/wolfgangbauer/.m2/repository/com/amazonaws/aws-lambda-java-events/3.14.0/aws-lambda-java-events-3.14.0.jar:/Users/wolfgangbauer/.m2/repository/com/fasterxml/jackson/datatype/jackson-datatype-joda/2.18.0/jackson-datatype-joda-2.18.0.jar:/Users/wolfgangbauer/.m2/repository/joda-time/joda-time/2.12.7/joda-time-2.12.7.jar:/Users/wolfgangbauer/.m2/repository/io/quarkus/quarkus-core/3.16.1/quarkus-core-3.16.1.jar:/Users/wolfgangbauer/.m2/repository/jakarta/inject/jakarta.inject-api/2.0.1/jakarta.inject-api-2.0.1.jar:/Users/wolfgangbauer/.m2/repository/io/smallrye/common/smallrye-common-os/2.7.0/smallrye-common-os-2.7.0.jar:/Users/wolfgangbauer/.m2/repository/io/quarkus/quarkus-ide-launcher/3.16.1/quarkus-ide-launcher-3.16.1.jar:/Users/wolfgangbauer/.m2/repository/io/quarkus/quarkus-development-mode-spi/3.16.1/quarkus-development-mode-spi-3.16.1.jar:/Users/wolfgangbauer/.m2/repository/io/smallrye/config/smallrye-config/3.9.1/smallrye-config-3.9.1.jar:/Users/wolfgangbauer/.m2/repository/io/smallrye/config/smallrye-config-core/3.9.1/smallrye-config-core-3.9.1.jar:/Users/wolfgangbauer/.m2/repository/io/smallrye/common/smallrye-common-classloader/2.7.0/smallrye-common-classloader-2.7.0.jar:/Users/wolfgangbauer/.m2/repository/io/smallrye/config/smallrye-config-common/3.9.1/smallrye-config-common-3.9.1.jar:/Users/wolfgangbauer/.m2/repository/org/jboss/logmanager/jboss-logmanager/3.0.6.Final/jboss-logmanager-3.0.6.Final.jar:/Users/wolfgangbauer/.m2/repository/io/smallrye/common/smallrye-common-cpu/2.7.0/smallrye-common-cpu-2.7.0.jar:/Users/wolfgangbauer/.m2/repository/io/smallrye/common/smallrye-common-expression/2.7.0/smallrye-common-expression-2.7.0.jar:/Users/wolfgangbauer/.m2/repository/io/smallrye/common/smallrye-common-net/2.7.0/smallrye-common-net-2.7.0.jar:/Users/wolfgangbauer/.m2/repository/io/smallrye/common/smallrye-common-ref/2.7.0/smallrye-common-ref-2.7.0.jar:/Users/wolfgangbauer/.m2/repository/org/jboss/logging/jboss-logging-annotations/3.0.2.Final/jboss-logging-annotations-3.0.2.Final.jar:/Users/wolfgangbauer/.m2/repository/org/jboss/threads/jboss-threads/3.8.0.Final/jboss-threads-3.8.0.Final.jar:/Users/wolfgangbauer/.m2/repository/io/smallrye/common/smallrye-common-function/2.7.0/smallrye-common-function-2.7.0.jar:/Users/wolfgangbauer/.m2/repository/org/slf4j/slf4j-api/2.0.6/slf4j-api-2.0.6.jar:/Users/wolfgangbauer/.m2/repository/org/jboss/slf4j/slf4j-jboss-logmanager/2.0.0.Final/slf4j-jboss-logmanager-2.0.0.Final.jar:/Users/wolfgangbauer/.m2/repository/org/wildfly/common/wildfly-common/1.7.0.Final/wildfly-common-1.7.0.Final.jar:/Users/wolfgangbauer/.m2/repository/io/quarkus/quarkus-bootstrap-runner/3.16.1/quarkus-bootstrap-runner-3.16.1.jar:/Users/wolfgangbauer/.m2/repository/io/quarkus/quarkus-fs-util/0.0.10/quarkus-fs-util-0.0.10.jar:/Users/wolfgangbauer/.m2/repository/org/eclipse/microprofile/jwt/microprofile-jwt-auth-api/2.1/microprofile-jwt-auth-api-2.1.jar:/Users/wolfgangbauer/.m2/repository/io/quarkus/quarkus-smallrye-openapi/3.16.1/quarkus-smallrye-openapi-3.16.1.jar:/Users/wolfgangbauer/.m2/repository/io/smallrye/smallrye-open-api-core/3.13.0/smallrye-open-api-core-3.13.0.jar:/Users/wolfgangbauer/.m2/repository/org/eclipse/microprofile/openapi/microprofile-openapi-api/3.1.2/microprofile-openapi-api-3.1.2.jar:/Users/wolfgangbauer/.m2/repository/org/eclipse/microprofile/config/microprofile-config-api/3.1/microprofile-config-api-3.1.jar:/Users/wolfgangbauer/.m2/repository/com/fasterxml/jackson/core/jackson-core/2.18.0/jackson-core-2.18.0.jar:/Users/wolfgangbauer/.m2/repository/com/fasterxml/jackson/dataformat/jackson-dataformat-yaml/2.18.0/jackson-dataformat-yaml-2.18.0.jar:/Users/wolfgangbauer/.m2/repository/org/yaml/snakeyaml/2.3/snakeyaml-2.3.jar:/Users/wolfgangbauer/.m2/repository/io/smallrye/jandex/3.2.3/jandex-3.2.3.jar:/Users/wolfgangbauer/.m2/repository/io/quarkus/quarkus-arc/3.16.1/quarkus-arc-3.16.1.jar:/Users/wolfgangbauer/.m2/repository/io/quarkus/arc/arc/3.16.1/arc-3.16.1.jar:/Users/wolfgangbauer/.m2/repository/jakarta/transaction/jakarta.transaction-api/2.0.1/jakarta.transaction-api-2.0.1.jar:/Users/wolfgangbauer/.m2/repository/org/eclipse/microprofile/context-propagation/microprofile-context-propagation-api/1.3/microprofile-context-propagation-api-1.3.jar:/Users/wolfgangbauer/.m2/repository/io/quarkus/quarkus-swagger-ui/3.16.1/quarkus-swagger-ui-3.16.1.jar:/Users/wolfgangbauer/.m2/repository/io/quarkus/quarkus-junit5/3.16.1/quarkus-junit5-3.16.1.jar:/Users/wolfgangbauer/.m2/repository/io/quarkus/quarkus-bootstrap-core/3.16.1/quarkus-bootstrap-core-3.16.1.jar:/Users/wolfgangbauer/.m2/repository/io/quarkus/quarkus-classloader-commons/3.16.1/quarkus-classloader-commons-3.16.1.jar:/Users/wolfgangbauer/.m2/repository/io/quarkus/quarkus-bootstrap-app-model/3.16.1/quarkus-bootstrap-app-model-3.16.1.jar:/Users/wolfgangbauer/.m2/repository/io/smallrye/common/smallrye-common-io/2.7.0/smallrye-common-io-2.7.0.jar:/Users/wolfgangbauer/.m2/repository/org/eclipse/sisu/org.eclipse.sisu.inject/0.9.0.M3/org.eclipse.sisu.inject-0.9.0.M3.jar:/Users/wolfgangbauer/.m2/repository/io/quarkus/quarkus-test-common/3.16.1/quarkus-test-common-3.16.1.jar:/Users/wolfgangbauer/.m2/repository/io/quarkus/quarkus-core-deployment/3.16.1/quarkus-core-deployment-3.16.1.jar:/Users/wolfgangbauer/.m2/repository/org/aesh/readline/2.6/readline-2.6.jar:/Users/wolfgangbauer/.m2/repository/org/fusesource/jansi/jansi/2.4.0/jansi-2.4.0.jar:/Users/wolfgangbauer/.m2/repository/org/aesh/aesh/2.8.2/aesh-2.8.2.jar:/Users/wolfgangbauer/.m2/repository/io/quarkus/gizmo/gizmo/1.8.0/gizmo-1.8.0.jar:/Users/wolfgangbauer/.m2/repository/org/ow2/asm/asm-util/9.7.1/asm-util-9.7.1.jar:/Users/wolfgangbauer/.m2/repository/org/ow2/asm/asm-analysis/9.7.1/asm-analysis-9.7.1.jar:/Users/wolfgangbauer/.m2/repository/org/ow2/asm/asm/9.7.1/asm-9.7.1.jar:/Users/wolfgangbauer/.m2/repository/org/ow2/asm/asm-commons/9.7.1/asm-commons-9.7.1.jar:/Users/wolfgangbauer/.m2/repository/org/ow2/asm/asm-tree/9.7.1/asm-tree-9.7.1.jar:/Users/wolfgangbauer/.m2/repository/io/quarkus/quarkus-hibernate-validator-spi/3.16.1/quarkus-hibernate-validator-spi-3.16.1.jar:/Users/wolfgangbauer/.m2/repository/io/quarkus/quarkus-class-change-agent/3.16.1/quarkus-class-change-agent-3.16.1.jar:/Users/wolfgangbauer/.m2/repository/io/quarkus/quarkus-devtools-utilities/3.16.1/quarkus-devtools-utilities-3.16.1.jar:/Users/wolfgangbauer/.m2/repository/io/quarkus/quarkus-builder/3.16.1/quarkus-builder-3.16.1.jar:/Users/wolfgangbauer/.m2/repository/org/graalvm/sdk/nativeimage/23.1.2/nativeimage-23.1.2.jar:/Users/wolfgangbauer/.m2/repository/org/graalvm/sdk/word/23.1.2/word-23.1.2.jar:/Users/wolfgangbauer/.m2/repository/org/junit/platform/junit-platform-launcher/1.10.5/junit-platform-launcher-1.10.5.jar:/Users/wolfgangbauer/.m2/repository/io/quarkus/quarkus-bootstrap-maven-resolver/3.16.1/quarkus-bootstrap-maven-resolver-3.16.1.jar:/Users/wolfgangbauer/.m2/repository/io/smallrye/beanbag/smallrye-beanbag-maven/1.5.2/smallrye-beanbag-maven-1.5.2.jar:/Users/wolfgangbauer/.m2/repository/io/smallrye/beanbag/smallrye-beanbag-sisu/1.5.2/smallrye-beanbag-sisu-1.5.2.jar:/Users/wolfgangbauer/.m2/repository/io/smallrye/beanbag/smallrye-beanbag/1.5.2/smallrye-beanbag-1.5.2.jar:/Users/wolfgangbauer/.m2/repository/javax/inject/javax.inject/1/javax.inject-1.jar:/Users/wolfgangbauer/.m2/repository/org/apache/maven/maven-artifact/3.9.9/maven-artifact-3.9.9.jar:/Users/wolfgangbauer/.m2/repository/org/apache/maven/maven-builder-support/3.9.9/maven-builder-support-3.9.9.jar:/Users/wolfgangbauer/.m2/repository/org/apache/maven/maven-model/3.9.9/maven-model-3.9.9.jar:/Users/wolfgangbauer/.m2/repository/org/apache/maven/maven-model-builder/3.9.9/maven-model-builder-3.9.9.jar:/Users/wolfgangbauer/.m2/repository/org/apache/maven/maven-repository-metadata/3.9.9/maven-repository-metadata-3.9.9.jar:/Users/wolfgangbauer/.m2/repository/org/apache/maven/maven-settings/3.9.9/maven-settings-3.9.9.jar:/Users/wolfgangbauer/.m2/repository/org/apache/maven/resolver/maven-resolver-api/1.9.22/maven-resolver-api-1.9.22.jar:/Users/wolfgangbauer/.m2/repository/org/apache/maven/resolver/maven-resolver-impl/1.9.22/maven-resolver-impl-1.9.22.jar:/Users/wolfgangbauer/.m2/repository/org/apache/maven/resolver/maven-resolver-named-locks/1.9.22/maven-resolver-named-locks-1.9.22.jar:/Users/wolfgangbauer/.m2/repository/org/apache/maven/resolver/maven-resolver-spi/1.9.22/maven-resolver-spi-1.9.22.jar:/Users/wolfgangbauer/.m2/repository/org/apache/maven/resolver/maven-resolver-util/1.9.22/maven-resolver-util-1.9.22.jar:/Users/wolfgangbauer/.m2/repository/org/apache/maven/resolver/maven-resolver-transport-http/1.9.20/maven-resolver-transport-http-1.9.20.jar:/Users/wolfgangbauer/.m2/repository/org/apache/maven/wagon/wagon-provider-api/3.5.3/wagon-provider-api-3.5.3.jar:/Users/wolfgangbauer/.m2/repository/org/apache/maven/wagon/wagon-http-shared/3.5.3/wagon-http-shared-3.5.3.jar:/Users/wolfgangbauer/.m2/repository/org/codehaus/plexus/plexus-interpolation/1.26/plexus-interpolation-1.26.jar:/Users/wolfgangbauer/.m2/repository/org/codehaus/plexus/plexus-utils/3.5.1/plexus-utils-3.5.1.jar:/Users/wolfgangbauer/.m2/repository/org/codehaus/plexus/plexus-xml/4.0.1/plexus-xml-4.0.1.jar:/Users/wolfgangbauer/.m2/repository/org/apache/maven/maven-xml-impl/4.0.0-alpha-5/maven-xml-impl-4.0.0-alpha-5.jar:/Users/wolfgangbauer/.m2/repository/org/apache/maven/maven-api-xml/4.0.0-alpha-5/maven-api-xml-4.0.0-alpha-5.jar:/Users/wolfgangbauer/.m2/repository/org/apache/maven/maven-api-meta/4.0.0-alpha-5/maven-api-meta-4.0.0-alpha-5.jar:/Users/wolfgangbauer/.m2/repository/org/codehaus/plexus/plexus-cipher/2.0/plexus-cipher-2.0.jar:/Users/wolfgangbauer/.m2/repository/org/codehaus/plexus/plexus-sec-dispatcher/2.0/plexus-sec-dispatcher-2.0.jar:/Users/wolfgangbauer/.m2/repository/org/apache/maven/maven-embedder/3.9.9/maven-embedder-3.9.9.jar:/Users/wolfgangbauer/.m2/repository/org/apache/maven/maven-core/3.9.9/maven-core-3.9.9.jar:/Users/wolfgangbauer/.m2/repository/org/codehaus/plexus/plexus-component-annotations/2.1.0/plexus-component-annotations-2.1.0.jar:/Users/wolfgangbauer/.m2/repository/org/apache/maven/maven-plugin-api/3.9.9/maven-plugin-api-3.9.9.jar:/Users/wolfgangbauer/.m2/repository/org/apache/maven/shared/maven-shared-utils/3.4.2/maven-shared-utils-3.4.2.jar:/Users/wolfgangbauer/.m2/repository/com/google/inject/guice/5.1.0/guice-5.1.0.jar:/Users/wolfgangbauer/.m2/repository/aopalliance/aopalliance/1.0/aopalliance-1.0.jar:/Users/wolfgangbauer/.m2/repository/com/google/guava/guava/33.3.1-jre/guava-33.3.1-jre.jar:/Users/wolfgangbauer/.m2/repository/com/google/guava/failureaccess/1.0.1/failureaccess-1.0.1.jar:/Users/wolfgangbauer/.m2/repository/javax/annotation/javax.annotation-api/1.3.2/javax.annotation-api-1.3.2.jar:/Users/wolfgangbauer/.m2/repository/org/codehaus/plexus/plexus-classworlds/2.6.0/plexus-classworlds-2.6.0.jar:/Users/wolfgangbauer/.m2/repository/commons-cli/commons-cli/1.8.0/commons-cli-1.8.0.jar:/Users/wolfgangbauer/.m2/repository/org/eclipse/sisu/org.eclipse.sisu.plexus/0.9.0.M3/org.eclipse.sisu.plexus-0.9.0.M3.jar:/Users/wolfgangbauer/.m2/repository/org/apache/maven/maven-settings-builder/3.9.9/maven-settings-builder-3.9.9.jar:/Users/wolfgangbauer/.m2/repository/org/apache/maven/maven-resolver-provider/3.9.9/maven-resolver-provider-3.9.9.jar:/Users/wolfgangbauer/.m2/repository/org/apache/maven/resolver/maven-resolver-connector-basic/1.9.22/maven-resolver-connector-basic-1.9.22.jar:/Users/wolfgangbauer/.m2/repository/org/apache/maven/resolver/maven-resolver-transport-wagon/1.9.22/maven-resolver-transport-wagon-1.9.22.jar:/Users/wolfgangbauer/.m2/repository/org/apache/maven/wagon/wagon-http/3.5.3/wagon-http-3.5.3.jar:/Users/wolfgangbauer/.m2/repository/org/apache/maven/wagon/wagon-file/3.5.3/wagon-file-3.5.3.jar:/Users/wolfgangbauer/.m2/repository/io/quarkus/quarkus-bootstrap-gradle-resolver/3.16.1/quarkus-bootstrap-gradle-resolver-3.16.1.jar:/Users/wolfgangbauer/.m2/repository/commons-io/commons-io/2.17.0/commons-io-2.17.0.jar:/Users/wolfgangbauer/.m2/repository/io/quarkus/quarkus-junit5-properties/3.16.1/quarkus-junit5-properties-3.16.1.jar:/Users/wolfgangbauer/.m2/repository/org/junit/jupiter/junit-jupiter/5.10.5/junit-jupiter-5.10.5.jar:/Users/wolfgangbauer/.m2/repository/org/junit/jupiter/junit-jupiter-api/5.10.5/junit-jupiter-api-5.10.5.jar:/Users/wolfgangbauer/.m2/repository/org/opentest4j/opentest4j/1.3.0/opentest4j-1.3.0.jar:/Users/wolfgangbauer/.m2/repository/org/junit/platform/junit-platform-commons/1.10.5/junit-platform-commons-1.10.5.jar:/Users/wolfgangbauer/.m2/repository/org/apiguardian/apiguardian-api/1.1.2/apiguardian-api-1.1.2.jar:/Users/wolfgangbauer/.m2/repository/org/junit/jupiter/junit-jupiter-params/5.10.5/junit-jupiter-params-5.10.5.jar:/Users/wolfgangbauer/.m2/repository/org/junit/jupiter/junit-jupiter-engine/5.10.5/junit-jupiter-engine-5.10.5.jar:/Users/wolfgangbauer/.m2/repository/org/junit/platform/junit-platform-engine/1.10.5/junit-platform-engine-1.10.5.jar:/Users/wolfgangbauer/.m2/repository/org/jboss/marshalling/jboss-marshalling/2.2.1.Final/jboss-marshalling-2.2.1.Final.jar:/Users/wolfgangbauer/.m2/repository/io/rest-assured/rest-assured/5.5.0/rest-assured-5.5.0.jar:/Users/wolfgangbauer/.m2/repository/org/apache/groovy/groovy/4.0.22/groovy-4.0.22.jar:/Users/wolfgangbauer/.m2/repository/org/apache/groovy/groovy-xml/4.0.22/groovy-xml-4.0.22.jar:/Users/wolfgangbauer/.m2/repository/org/apache/httpcomponents/httpclient/4.5.14/httpclient-4.5.14.jar:/Users/wolfgangbauer/.m2/repository/org/apache/httpcomponents/httpcore/4.4.16/httpcore-4.4.16.jar:/Users/wolfgangbauer/.m2/repository/commons-codec/commons-codec/1.17.1/commons-codec-1.17.1.jar:/Users/wolfgangbauer/.m2/repository/org/apache/httpcomponents/httpmime/4.5.14/httpmime-4.5.14.jar:/Users/wolfgangbauer/.m2/repository/org/hamcrest/hamcrest/2.2/hamcrest-2.2.jar:/Users/wolfgangbauer/.m2/repository/org/ccil/cowan/tagsoup/tagsoup/1.2.1/tagsoup-1.2.1.jar:/Users/wolfgangbauer/.m2/repository/io/rest-assured/json-path/5.5.0/json-path-5.5.0.jar:/Users/wolfgangbauer/.m2/repository/org/apache/groovy/groovy-json/4.0.22/groovy-json-4.0.22.jar:/Users/wolfgangbauer/.m2/repository/io/rest-assured/rest-assured-common/5.5.0/rest-assured-common-5.5.0.jar:/Users/wolfgangbauer/.m2/repository/io/rest-assured/xml-path/5.5.0/xml-path-5.5.0.jar:/Users/wolfgangbauer/.m2/repository/org/apache/commons/commons-lang3/3.17.0/commons-lang3-3.17.0.jar:/Users/wolfgangbauer/.m2/repository/io/quarkiverse/openapi/generator/quarkus-openapi-generator/2.2.15/quarkus-openapi-generator-2.2.15.jar:/Users/wolfgangbauer/.m2/repository/io/quarkus/quarkus-qute/3.16.1/quarkus-qute-3.16.1.jar:/Users/wolfgangbauer/.m2/repository/io/quarkus/qute/qute-core/3.16.1/qute-core-3.16.1.jar:/Users/wolfgangbauer/.m2/repository/org/assertj/assertj-core/3.24.2/assertj-core-3.24.2.jar:/Users/wolfgangbauer/.m2/repository/net/bytebuddy/byte-buddy/1.14.18/byte-buddy-1.14.18.jar:"/>
    <property name="java.vm.vendor" value="Homebrew"/>
    <property name="sun.arch.data.model" value="64"/>
    <property name="java.vendor.url" value="https://github.com/Homebrew/homebrew-core/issues"/>
    <property name="user.timezone" value="Europe/Berlin"/>
    <property name="logging.initial-configurator.min-level" value="500"/>
    <property name="os.name" value="Mac OS X"/>
    <property name="java.vm.specification.version" value="23"/>
    <property name="sun.java.launcher" value="SUN_STANDARD"/>
    <property name="user.country" value="DE"/>
    <property name="groovy.use.classvalue" value="false"/>
    <property name="sun.boot.library.path" value="/opt/homebrew/Cellar/openjdk/23.0.1/libexec/openjdk.jdk/Contents/Home/lib"/>
    <property name="sun.java.command" value="/Users/wolfgangbauer/dev/workspace/quarkus-lambda/myrestapi/target/surefire/surefirebooter-20241031184234876_3.jar /Users/wolfgangbauer/dev/workspace/quarkus-lambda/myrestapi/target/surefire 2024-10-31T18-42-34_844-jvmRun1 surefire-20241031184234876_1tmp surefire_0-20241031184234876_2tmp"/>
    <property name="http.nonProxyHosts" value="local|*.local|169.254/16|*.169.254/16"/>
    <property name="jdk.debug" value="release"/>
    <property name="maven.home" value="/opt/homebrew/Cellar/maven/3.9.9/libexec"/>
    <property name="surefire.test.class.path" value="/Users/wolfgangbauer/dev/workspace/quarkus-lambda/myrestapi/target/test-classes:/Users/wolfgangbauer/dev/workspace/quarkus-lambda/myrestapi/target/classes:/Users/wolfgangbauer/.m2/repository/io/quarkus/quarkus-rest/3.16.1/quarkus-rest-3.16.1.jar:/Users/wolfgangbauer/.m2/repository/io/quarkus/quarkus-rest-common/3.16.1/quarkus-rest-common-3.16.1.jar:/Users/wolfgangbauer/.m2/repository/io/quarkus/resteasy/reactive/resteasy-reactive-common/3.16.1/resteasy-reactive-common-3.16.1.jar:/Users/wolfgangbauer/.m2/repository/io/quarkus/resteasy/reactive/resteasy-reactive-common-types/3.16.1/resteasy-reactive-common-types-3.16.1.jar:/Users/wolfgangbauer/.m2/repository/io/smallrye/reactive/mutiny/2.6.2/mutiny-2.6.2.jar:/Users/wolfgangbauer/.m2/repository/org/jctools/jctools-core/4.0.5/jctools-core-4.0.5.jar:/Users/wolfgangbauer/.m2/repository/org/reactivestreams/reactive-streams/1.0.4/reactive-streams-1.0.4.jar:/Users/wolfgangbauer/.m2/repository/io/smallrye/reactive/mutiny-zero-flow-adapters/1.1.0/mutiny-zero-flow-adapters-1.1.0.jar:/Users/wolfgangbauer/.m2/repository/io/smallrye/common/smallrye-common-annotation/2.7.0/smallrye-common-annotation-2.7.0.jar:/Users/wolfgangbauer/.m2/repository/io/quarkus/quarkus-mutiny/3.16.1/quarkus-mutiny-3.16.1.jar:/Users/wolfgangbauer/.m2/repository/io/quarkus/quarkus-smallrye-context-propagation/3.16.1/quarkus-smallrye-context-propagation-3.16.1.jar:/Users/wolfgangbauer/.m2/repository/io/smallrye/smallrye-context-propagation/2.1.2/smallrye-context-propagation-2.1.2.jar:/Users/wolfgangbauer/.m2/repository/io/smallrye/smallrye-context-propagation-api/2.1.2/smallrye-context-propagation-api-2.1.2.jar:/Users/wolfgangbauer/.m2/repository/io/smallrye/smallrye-context-propagation-storage/2.1.2/smallrye-context-propagation-storage-2.1.2.jar:/Users/wolfgangbauer/.m2/repository/io/smallrye/reactive/mutiny-smallrye-context-propagation/2.6.2/mutiny-smallrye-context-propagation-2.6.2.jar:/Users/wolfgangbauer/.m2/repository/io/quarkus/quarkus-vertx/3.16.1/quarkus-vertx-3.16.1.jar:/Users/wolfgangbauer/.m2/repository/io/quarkus/quarkus-netty/3.16.1/quarkus-netty-3.16.1.jar:/Users/wolfgangbauer/.m2/repository/io/netty/netty-codec/4.1.111.Final/netty-codec-4.1.111.Final.jar:/Users/wolfgangbauer/.m2/repository/io/netty/netty-codec-haproxy/4.1.111.Final/netty-codec-haproxy-4.1.111.Final.jar:/Users/wolfgangbauer/.m2/repository/io/quarkus/quarkus-vertx-latebound-mdc-provider/3.16.1/quarkus-vertx-latebound-mdc-provider-3.16.1.jar:/Users/wolfgangbauer/.m2/repository/io/smallrye/smallrye-fault-tolerance-vertx/6.5.0/smallrye-fault-tolerance-vertx-6.5.0.jar:/Users/wolfgangbauer/.m2/repository/io/quarkus/resteasy/reactive/resteasy-reactive-vertx/3.16.1/resteasy-reactive-vertx-3.16.1.jar:/Users/wolfgangbauer/.m2/repository/io/vertx/vertx-web/4.5.10/vertx-web-4.5.10.jar:/Users/wolfgangbauer/.m2/repository/io/vertx/vertx-web-common/4.5.10/vertx-web-common-4.5.10.jar:/Users/wolfgangbauer/.m2/repository/io/vertx/vertx-auth-common/4.5.10/vertx-auth-common-4.5.10.jar:/Users/wolfgangbauer/.m2/repository/io/vertx/vertx-bridge-common/4.5.10/vertx-bridge-common-4.5.10.jar:/Users/wolfgangbauer/.m2/repository/io/smallrye/reactive/smallrye-mutiny-vertx-core/3.15.0/smallrye-mutiny-vertx-core-3.15.0.jar:/Users/wolfgangbauer/.m2/repository/io/smallrye/reactive/smallrye-mutiny-vertx-runtime/3.15.0/smallrye-mutiny-vertx-runtime-3.15.0.jar:/Users/wolfgangbauer/.m2/repository/io/smallrye/reactive/vertx-mutiny-generator/3.15.0/vertx-mutiny-generator-3.15.0.jar:/Users/wolfgangbauer/.m2/repository/io/vertx/vertx-codegen/4.5.10/vertx-codegen-4.5.10.jar:/Users/wolfgangbauer/.m2/repository/io/quarkus/resteasy/reactive/resteasy-reactive/3.16.1/resteasy-reactive-3.16.1.jar:/Users/wolfgangbauer/.m2/repository/io/quarkus/vertx/utils/quarkus-vertx-utils/3.16.1/quarkus-vertx-utils-3.16.1.jar:/Users/wolfgangbauer/.m2/repository/jakarta/enterprise/jakarta.enterprise.cdi-api/4.1.0/jakarta.enterprise.cdi-api-4.1.0.jar:/Users/wolfgangbauer/.m2/repository/jakarta/enterprise/jakarta.enterprise.lang-model/4.1.0/jakarta.enterprise.lang-model-4.1.0.jar:/Users/wolfgangbauer/.m2/repository/jakarta/el/jakarta.el-api/5.0.1/jakarta.el-api-5.0.1.jar:/Users/wolfgangbauer/.m2/repository/jakarta/ws/rs/jakarta.ws.rs-api/3.1.0/jakarta.ws.rs-api-3.1.0.jar:/Users/wolfgangbauer/.m2/repository/jakarta/annotation/jakarta.annotation-api/3.0.0/jakarta.annotation-api-3.0.0.jar:/Users/wolfgangbauer/.m2/repository/org/jboss/logging/commons-logging-jboss-logging/1.0.0.Final/commons-logging-jboss-logging-1.0.0.Final.jar:/Users/wolfgangbauer/.m2/repository/jakarta/xml/bind/jakarta.xml.bind-api/4.0.2/jakarta.xml.bind-api-4.0.2.jar:/Users/wolfgangbauer/.m2/repository/jakarta/activation/jakarta.activation-api/2.1.3/jakarta.activation-api-2.1.3.jar:/Users/wolfgangbauer/.m2/repository/org/jboss/logging/jboss-logging/3.6.1.Final/jboss-logging-3.6.1.Final.jar:/Users/wolfgangbauer/.m2/repository/io/quarkus/quarkus-vertx-http/3.16.1/quarkus-vertx-http-3.16.1.jar:/Users/wolfgangbauer/.m2/repository/io/quarkus/quarkus-security-runtime-spi/3.16.1/quarkus-security-runtime-spi-3.16.1.jar:/Users/wolfgangbauer/.m2/repository/io/quarkus/quarkus-tls-registry/3.16.1/quarkus-tls-registry-3.16.1.jar:/Users/wolfgangbauer/.m2/repository/io/quarkus/quarkus-credentials/3.16.1/quarkus-credentials-3.16.1.jar:/Users/wolfgangbauer/.m2/repository/io/smallrye/common/smallrye-common-vertx-context/2.7.0/smallrye-common-vertx-context-2.7.0.jar:/Users/wolfgangbauer/.m2/repository/io/smallrye/common/smallrye-common-constraint/2.7.0/smallrye-common-constraint-2.7.0.jar:/Users/wolfgangbauer/.m2/repository/io/quarkus/security/quarkus-security/2.1.0/quarkus-security-2.1.0.jar:/Users/wolfgangbauer/.m2/repository/io/smallrye/reactive/smallrye-mutiny-vertx-web/3.15.0/smallrye-mutiny-vertx-web-3.15.0.jar:/Users/wolfgangbauer/.m2/repository/io/smallrye/reactive/smallrye-mutiny-vertx-web-common/3.15.0/smallrye-mutiny-vertx-web-common-3.15.0.jar:/Users/wolfgangbauer/.m2/repository/io/smallrye/reactive/smallrye-mutiny-vertx-auth-common/3.15.0/smallrye-mutiny-vertx-auth-common-3.15.0.jar:/Users/wolfgangbauer/.m2/repository/io/smallrye/reactive/smallrye-mutiny-vertx-bridge-common/3.15.0/smallrye-mutiny-vertx-bridge-common-3.15.0.jar:/Users/wolfgangbauer/.m2/repository/io/smallrye/reactive/smallrye-mutiny-vertx-uri-template/3.15.0/smallrye-mutiny-vertx-uri-template-3.15.0.jar:/Users/wolfgangbauer/.m2/repository/io/vertx/vertx-uri-template/4.5.10/vertx-uri-template-4.5.10.jar:/Users/wolfgangbauer/.m2/repository/io/github/crac/org-crac/0.1.3/org-crac-0.1.3.jar:/Users/wolfgangbauer/.m2/repository/com/aayushatharva/brotli4j/brotli4j/1.16.0/brotli4j-1.16.0.jar:/Users/wolfgangbauer/.m2/repository/com/aayushatharva/brotli4j/service/1.16.0/service-1.16.0.jar:/Users/wolfgangbauer/.m2/repository/com/aayushatharva/brotli4j/native-osx-aarch64/1.16.0/native-osx-aarch64-1.16.0.jar:/Users/wolfgangbauer/.m2/repository/io/quarkus/quarkus-jsonp/3.16.1/quarkus-jsonp-3.16.1.jar:/Users/wolfgangbauer/.m2/repository/org/eclipse/parsson/parsson/1.1.7/parsson-1.1.7.jar:/Users/wolfgangbauer/.m2/repository/jakarta/json/jakarta.json-api/2.1.3/jakarta.json-api-2.1.3.jar:/Users/wolfgangbauer/.m2/repository/io/quarkus/quarkus-virtual-threads/3.16.1/quarkus-virtual-threads-3.16.1.jar:/Users/wolfgangbauer/.m2/repository/io/vertx/vertx-core/4.5.10/vertx-core-4.5.10.jar:/Users/wolfgangbauer/.m2/repository/io/netty/netty-common/4.1.111.Final/netty-common-4.1.111.Final.jar:/Users/wolfgangbauer/.m2/repository/io/netty/netty-buffer/4.1.111.Final/netty-buffer-4.1.111.Final.jar:/Users/wolfgangbauer/.m2/repository/io/netty/netty-transport/4.1.111.Final/netty-transport-4.1.111.Final.jar:/Users/wolfgangbauer/.m2/repository/io/netty/netty-handler/4.1.111.Final/netty-handler-4.1.111.Final.jar:/Users/wolfgangbauer/.m2/repository/io/netty/netty-transport-native-unix-common/4.1.111.Final/netty-transport-native-unix-common-4.1.111.Final.jar:/Users/wolfgangbauer/.m2/repository/io/netty/netty-handler-proxy/4.1.111.Final/netty-handler-proxy-4.1.111.Final.jar:/Users/wolfgangbauer/.m2/repository/io/netty/netty-codec-socks/4.1.111.Final/netty-codec-socks-4.1.111.Final.jar:/Users/wolfgangbauer/.m2/repository/io/netty/netty-codec-http/4.1.111.Final/netty-codec-http-4.1.111.Final.jar:/Users/wolfgangbauer/.m2/repository/io/netty/netty-codec-http2/4.1.111.Final/netty-codec-http2-4.1.111.Final.jar:/Users/wolfgangbauer/.m2/repository/io/netty/netty-resolver/4.1.111.Final/netty-resolver-4.1.111.Final.jar:/Users/wolfgangbauer/.m2/repository/io/netty/netty-resolver-dns/4.1.111.Final/netty-resolver-dns-4.1.111.Final.jar:/Users/wolfgangbauer/.m2/repository/io/netty/netty-codec-dns/4.1.111.Final/netty-codec-dns-4.1.111.Final.jar:/Users/wolfgangbauer/.m2/repository/io/quarkus/quarkus-rest-client-jackson/3.16.1/quarkus-rest-client-jackson-3.16.1.jar:/Users/wolfgangbauer/.m2/repository/io/quarkus/resteasy/reactive/resteasy-reactive-jackson/3.16.1/resteasy-reactive-jackson-3.16.1.jar:/Users/wolfgangbauer/.m2/repository/com/fasterxml/jackson/core/jackson-databind/2.18.0/jackson-databind-2.18.0.jar:/Users/wolfgangbauer/.m2/repository/com/fasterxml/jackson/core/jackson-annotations/2.18.0/jackson-annotations-2.18.0.jar:/Users/wolfgangbauer/.m2/repository/io/quarkus/quarkus-rest-jackson-common/3.16.1/quarkus-rest-jackson-common-3.16.1.jar:/Users/wolfgangbauer/.m2/repository/io/quarkus/quarkus-jackson/3.16.1/quarkus-jackson-3.16.1.jar:/Users/wolfgangbauer/.m2/repository/com/fasterxml/jackson/datatype/jackson-datatype-jsr310/2.18.0/jackson-datatype-jsr310-2.18.0.jar:/Users/wolfgangbauer/.m2/repository/com/fasterxml/jackson/datatype/jackson-datatype-jdk8/2.18.0/jackson-datatype-jdk8-2.18.0.jar:/Users/wolfgangbauer/.m2/repository/com/fasterxml/jackson/module/jackson-module-parameter-names/2.18.0/jackson-module-parameter-names-2.18.0.jar:/Users/wolfgangbauer/.m2/repository/io/quarkus/quarkus-rest-client/3.16.1/quarkus-rest-client-3.16.1.jar:/Users/wolfgangbauer/.m2/repository/io/quarkus/quarkus-rest-client-jaxrs/3.16.1/quarkus-rest-client-jaxrs-3.16.1.jar:/Users/wolfgangbauer/.m2/repository/io/quarkus/resteasy/reactive/resteasy-reactive-client/3.16.1/resteasy-reactive-client-3.16.1.jar:/Users/wolfgangbauer/.m2/repository/io/vertx/vertx-web-client/4.5.10/vertx-web-client-4.5.10.jar:/Users/wolfgangbauer/.m2/repository/io/quarkus/quarkus-smallrye-stork/3.16.1/quarkus-smallrye-stork-3.16.1.jar:/Users/wolfgangbauer/.m2/repository/io/quarkus/quarkus-rest-client-config/3.16.1/quarkus-rest-client-config-3.16.1.jar:/Users/wolfgangbauer/.m2/repository/io/smallrye/stork/stork-api/2.7.0/stork-api-2.7.0.jar:/Users/wolfgangbauer/.m2/repository/io/smallrye/stork/stork-core/2.7.0/stork-core-2.7.0.jar:/Users/wolfgangbauer/.m2/repository/org/eclipse/microprofile/rest/client/microprofile-rest-client-api/3.0.1/microprofile-rest-client-api-3.0.1.jar:/Users/wolfgangbauer/.m2/repository/io/quarkus/quarkus-amazon-lambda-rest/3.16.1/quarkus-amazon-lambda-rest-3.16.1.jar:/Users/wolfgangbauer/.m2/repository/io/quarkus/quarkus-security/3.16.1/quarkus-security-3.16.1.jar:/Users/wolfgangbauer/.m2/repository/jakarta/interceptor/jakarta.interceptor-api/2.2.0/jakarta.interceptor-api-2.2.0.jar:/Users/wolfgangbauer/.m2/repository/io/quarkus/quarkus-amazon-lambda/3.16.1/quarkus-amazon-lambda-3.16.1.jar:/Users/wolfgangbauer/.m2/repository/io/quarkus/quarkus-amazon-lambda-common/3.16.1/quarkus-amazon-lambda-common-3.16.1.jar:/Users/wolfgangbauer/.m2/repository/com/amazonaws/aws-lambda-java-core/1.2.3/aws-lambda-java-core-1.2.3.jar:/Users/wolfgangbauer/.m2/repository/com/amazonaws/aws-lambda-java-events/3.14.0/aws-lambda-java-events-3.14.0.jar:/Users/wolfgangbauer/.m2/repository/com/fasterxml/jackson/datatype/jackson-datatype-joda/2.18.0/jackson-datatype-joda-2.18.0.jar:/Users/wolfgangbauer/.m2/repository/joda-time/joda-time/2.12.7/joda-time-2.12.7.jar:/Users/wolfgangbauer/.m2/repository/io/quarkus/quarkus-core/3.16.1/quarkus-core-3.16.1.jar:/Users/wolfgangbauer/.m2/repository/jakarta/inject/jakarta.inject-api/2.0.1/jakarta.inject-api-2.0.1.jar:/Users/wolfgangbauer/.m2/repository/io/smallrye/common/smallrye-common-os/2.7.0/smallrye-common-os-2.7.0.jar:/Users/wolfgangbauer/.m2/repository/io/quarkus/quarkus-ide-launcher/3.16.1/quarkus-ide-launcher-3.16.1.jar:/Users/wolfgangbauer/.m2/repository/io/quarkus/quarkus-development-mode-spi/3.16.1/quarkus-development-mode-spi-3.16.1.jar:/Users/wolfgangbauer/.m2/repository/io/smallrye/config/smallrye-config/3.9.1/smallrye-config-3.9.1.jar:/Users/wolfgangbauer/.m2/repository/io/smallrye/config/smallrye-config-core/3.9.1/smallrye-config-core-3.9.1.jar:/Users/wolfgangbauer/.m2/repository/io/smallrye/common/smallrye-common-classloader/2.7.0/smallrye-common-classloader-2.7.0.jar:/Users/wolfgangbauer/.m2/repository/io/smallrye/config/smallrye-config-common/3.9.1/smallrye-config-common-3.9.1.jar:/Users/wolfgangbauer/.m2/repository/org/jboss/logmanager/jboss-logmanager/3.0.6.Final/jboss-logmanager-3.0.6.Final.jar:/Users/wolfgangbauer/.m2/repository/io/smallrye/common/smallrye-common-cpu/2.7.0/smallrye-common-cpu-2.7.0.jar:/Users/wolfgangbauer/.m2/repository/io/smallrye/common/smallrye-common-expression/2.7.0/smallrye-common-expression-2.7.0.jar:/Users/wolfgangbauer/.m2/repository/io/smallrye/common/smallrye-common-net/2.7.0/smallrye-common-net-2.7.0.jar:/Users/wolfgangbauer/.m2/repository/io/smallrye/common/smallrye-common-ref/2.7.0/smallrye-common-ref-2.7.0.jar:/Users/wolfgangbauer/.m2/repository/org/jboss/logging/jboss-logging-annotations/3.0.2.Final/jboss-logging-annotations-3.0.2.Final.jar:/Users/wolfgangbauer/.m2/repository/org/jboss/threads/jboss-threads/3.8.0.Final/jboss-threads-3.8.0.Final.jar:/Users/wolfgangbauer/.m2/repository/io/smallrye/common/smallrye-common-function/2.7.0/smallrye-common-function-2.7.0.jar:/Users/wolfgangbauer/.m2/repository/org/slf4j/slf4j-api/2.0.6/slf4j-api-2.0.6.jar:/Users/wolfgangbauer/.m2/repository/org/jboss/slf4j/slf4j-jboss-logmanager/2.0.0.Final/slf4j-jboss-logmanager-2.0.0.Final.jar:/Users/wolfgangbauer/.m2/repository/org/wildfly/common/wildfly-common/1.7.0.Final/wildfly-common-1.7.0.Final.jar:/Users/wolfgangbauer/.m2/repository/io/quarkus/quarkus-bootstrap-runner/3.16.1/quarkus-bootstrap-runner-3.16.1.jar:/Users/wolfgangbauer/.m2/repository/io/quarkus/quarkus-fs-util/0.0.10/quarkus-fs-util-0.0.10.jar:/Users/wolfgangbauer/.m2/repository/org/eclipse/microprofile/jwt/microprofile-jwt-auth-api/2.1/microprofile-jwt-auth-api-2.1.jar:/Users/wolfgangbauer/.m2/repository/io/quarkus/quarkus-smallrye-openapi/3.16.1/quarkus-smallrye-openapi-3.16.1.jar:/Users/wolfgangbauer/.m2/repository/io/smallrye/smallrye-open-api-core/3.13.0/smallrye-open-api-core-3.13.0.jar:/Users/wolfgangbauer/.m2/repository/org/eclipse/microprofile/openapi/microprofile-openapi-api/3.1.2/microprofile-openapi-api-3.1.2.jar:/Users/wolfgangbauer/.m2/repository/org/eclipse/microprofile/config/microprofile-config-api/3.1/microprofile-config-api-3.1.jar:/Users/wolfgangbauer/.m2/repository/com/fasterxml/jackson/core/jackson-core/2.18.0/jackson-core-2.18.0.jar:/Users/wolfgangbauer/.m2/repository/com/fasterxml/jackson/dataformat/jackson-dataformat-yaml/2.18.0/jackson-dataformat-yaml-2.18.0.jar:/Users/wolfgangbauer/.m2/repository/org/yaml/snakeyaml/2.3/snakeyaml-2.3.jar:/Users/wolfgangbauer/.m2/repository/io/smallrye/jandex/3.2.3/jandex-3.2.3.jar:/Users/wolfgangbauer/.m2/repository/io/quarkus/quarkus-arc/3.16.1/quarkus-arc-3.16.1.jar:/Users/wolfgangbauer/.m2/repository/io/quarkus/arc/arc/3.16.1/arc-3.16.1.jar:/Users/wolfgangbauer/.m2/repository/jakarta/transaction/jakarta.transaction-api/2.0.1/jakarta.transaction-api-2.0.1.jar:/Users/wolfgangbauer/.m2/repository/org/eclipse/microprofile/context-propagation/microprofile-context-propagation-api/1.3/microprofile-context-propagation-api-1.3.jar:/Users/wolfgangbauer/.m2/repository/io/quarkus/quarkus-swagger-ui/3.16.1/quarkus-swagger-ui-3.16.1.jar:/Users/wolfgangbauer/.m2/repository/io/quarkus/quarkus-junit5/3.16.1/quarkus-junit5-3.16.1.jar:/Users/wolfgangbauer/.m2/repository/io/quarkus/quarkus-bootstrap-core/3.16.1/quarkus-bootstrap-core-3.16.1.jar:/Users/wolfgangbauer/.m2/repository/io/quarkus/quarkus-classloader-commons/3.16.1/quarkus-classloader-commons-3.16.1.jar:/Users/wolfgangbauer/.m2/repository/io/quarkus/quarkus-bootstrap-app-model/3.16.1/quarkus-bootstrap-app-model-3.16.1.jar:/Users/wolfgangbauer/.m2/repository/io/smallrye/common/smallrye-common-io/2.7.0/smallrye-common-io-2.7.0.jar:/Users/wolfgangbauer/.m2/repository/org/eclipse/sisu/org.eclipse.sisu.inject/0.9.0.M3/org.eclipse.sisu.inject-0.9.0.M3.jar:/Users/wolfgangbauer/.m2/repository/io/quarkus/quarkus-test-common/3.16.1/quarkus-test-common-3.16.1.jar:/Users/wolfgangbauer/.m2/repository/io/quarkus/quarkus-core-deployment/3.16.1/quarkus-core-deployment-3.16.1.jar:/Users/wolfgangbauer/.m2/repository/org/aesh/readline/2.6/readline-2.6.jar:/Users/wolfgangbauer/.m2/repository/org/fusesource/jansi/jansi/2.4.0/jansi-2.4.0.jar:/Users/wolfgangbauer/.m2/repository/org/aesh/aesh/2.8.2/aesh-2.8.2.jar:/Users/wolfgangbauer/.m2/repository/io/quarkus/gizmo/gizmo/1.8.0/gizmo-1.8.0.jar:/Users/wolfgangbauer/.m2/repository/org/ow2/asm/asm-util/9.7.1/asm-util-9.7.1.jar:/Users/wolfgangbauer/.m2/repository/org/ow2/asm/asm-analysis/9.7.1/asm-analysis-9.7.1.jar:/Users/wolfgangbauer/.m2/repository/org/ow2/asm/asm/9.7.1/asm-9.7.1.jar:/Users/wolfgangbauer/.m2/repository/org/ow2/asm/asm-commons/9.7.1/asm-commons-9.7.1.jar:/Users/wolfgangbauer/.m2/repository/org/ow2/asm/asm-tree/9.7.1/asm-tree-9.7.1.jar:/Users/wolfgangbauer/.m2/repository/io/quarkus/quarkus-hibernate-validator-spi/3.16.1/quarkus-hibernate-validator-spi-3.16.1.jar:/Users/wolfgangbauer/.m2/repository/io/quarkus/quarkus-class-change-agent/3.16.1/quarkus-class-change-agent-3.16.1.jar:/Users/wolfgangbauer/.m2/repository/io/quarkus/quarkus-devtools-utilities/3.16.1/quarkus-devtools-utilities-3.16.1.jar:/Users/wolfgangbauer/.m2/repository/io/quarkus/quarkus-builder/3.16.1/quarkus-builder-3.16.1.jar:/Users/wolfgangbauer/.m2/repository/org/graalvm/sdk/nativeimage/23.1.2/nativeimage-23.1.2.jar:/Users/wolfgangbauer/.m2/repository/org/graalvm/sdk/word/23.1.2/word-23.1.2.jar:/Users/wolfgangbauer/.m2/repository/org/junit/platform/junit-platform-launcher/1.10.5/junit-platform-launcher-1.10.5.jar:/Users/wolfgangbauer/.m2/repository/io/quarkus/quarkus-bootstrap-maven-resolver/3.16.1/quarkus-bootstrap-maven-resolver-3.16.1.jar:/Users/wolfgangbauer/.m2/repository/io/smallrye/beanbag/smallrye-beanbag-maven/1.5.2/smallrye-beanbag-maven-1.5.2.jar:/Users/wolfgangbauer/.m2/repository/io/smallrye/beanbag/smallrye-beanbag-sisu/1.5.2/smallrye-beanbag-sisu-1.5.2.jar:/Users/wolfgangbauer/.m2/repository/io/smallrye/beanbag/smallrye-beanbag/1.5.2/smallrye-beanbag-1.5.2.jar:/Users/wolfgangbauer/.m2/repository/javax/inject/javax.inject/1/javax.inject-1.jar:/Users/wolfgangbauer/.m2/repository/org/apache/maven/maven-artifact/3.9.9/maven-artifact-3.9.9.jar:/Users/wolfgangbauer/.m2/repository/org/apache/maven/maven-builder-support/3.9.9/maven-builder-support-3.9.9.jar:/Users/wolfgangbauer/.m2/repository/org/apache/maven/maven-model/3.9.9/maven-model-3.9.9.jar:/Users/wolfgangbauer/.m2/repository/org/apache/maven/maven-model-builder/3.9.9/maven-model-builder-3.9.9.jar:/Users/wolfgangbauer/.m2/repository/org/apache/maven/maven-repository-metadata/3.9.9/maven-repository-metadata-3.9.9.jar:/Users/wolfgangbauer/.m2/repository/org/apache/maven/maven-settings/3.9.9/maven-settings-3.9.9.jar:/Users/wolfgangbauer/.m2/repository/org/apache/maven/resolver/maven-resolver-api/1.9.22/maven-resolver-api-1.9.22.jar:/Users/wolfgangbauer/.m2/repository/org/apache/maven/resolver/maven-resolver-impl/1.9.22/maven-resolver-impl-1.9.22.jar:/Users/wolfgangbauer/.m2/repository/org/apache/maven/resolver/maven-resolver-named-locks/1.9.22/maven-resolver-named-locks-1.9.22.jar:/Users/wolfgangbauer/.m2/repository/org/apache/maven/resolver/maven-resolver-spi/1.9.22/maven-resolver-spi-1.9.22.jar:/Users/wolfgangbauer/.m2/repository/org/apache/maven/resolver/maven-resolver-util/1.9.22/maven-resolver-util-1.9.22.jar:/Users/wolfgangbauer/.m2/repository/org/apache/maven/resolver/maven-resolver-transport-http/1.9.20/maven-resolver-transport-http-1.9.20.jar:/Users/wolfgangbauer/.m2/repository/org/apache/maven/wagon/wagon-provider-api/3.5.3/wagon-provider-api-3.5.3.jar:/Users/wolfgangbauer/.m2/repository/org/apache/maven/wagon/wagon-http-shared/3.5.3/wagon-http-shared-3.5.3.jar:/Users/wolfgangbauer/.m2/repository/org/codehaus/plexus/plexus-interpolation/1.26/plexus-interpolation-1.26.jar:/Users/wolfgangbauer/.m2/repository/org/codehaus/plexus/plexus-utils/3.5.1/plexus-utils-3.5.1.jar:/Users/wolfgangbauer/.m2/repository/org/codehaus/plexus/plexus-xml/4.0.1/plexus-xml-4.0.1.jar:/Users/wolfgangbauer/.m2/repository/org/apache/maven/maven-xml-impl/4.0.0-alpha-5/maven-xml-impl-4.0.0-alpha-5.jar:/Users/wolfgangbauer/.m2/repository/org/apache/maven/maven-api-xml/4.0.0-alpha-5/maven-api-xml-4.0.0-alpha-5.jar:/Users/wolfgangbauer/.m2/repository/org/apache/maven/maven-api-meta/4.0.0-alpha-5/maven-api-meta-4.0.0-alpha-5.jar:/Users/wolfgangbauer/.m2/repository/org/codehaus/plexus/plexus-cipher/2.0/plexus-cipher-2.0.jar:/Users/wolfgangbauer/.m2/repository/org/codehaus/plexus/plexus-sec-dispatcher/2.0/plexus-sec-dispatcher-2.0.jar:/Users/wolfgangbauer/.m2/repository/org/apache/maven/maven-embedder/3.9.9/maven-embedder-3.9.9.jar:/Users/wolfgangbauer/.m2/repository/org/apache/maven/maven-core/3.9.9/maven-core-3.9.9.jar:/Users/wolfgangbauer/.m2/repository/org/codehaus/plexus/plexus-component-annotations/2.1.0/plexus-component-annotations-2.1.0.jar:/Users/wolfgangbauer/.m2/repository/org/apache/maven/maven-plugin-api/3.9.9/maven-plugin-api-3.9.9.jar:/Users/wolfgangbauer/.m2/repository/org/apache/maven/shared/maven-shared-utils/3.4.2/maven-shared-utils-3.4.2.jar:/Users/wolfgangbauer/.m2/repository/com/google/inject/guice/5.1.0/guice-5.1.0.jar:/Users/wolfgangbauer/.m2/repository/aopalliance/aopalliance/1.0/aopalliance-1.0.jar:/Users/wolfgangbauer/.m2/repository/com/google/guava/guava/33.3.1-jre/guava-33.3.1-jre.jar:/Users/wolfgangbauer/.m2/repository/com/google/guava/failureaccess/1.0.1/failureaccess-1.0.1.jar:/Users/wolfgangbauer/.m2/repository/javax/annotation/javax.annotation-api/1.3.2/javax.annotation-api-1.3.2.jar:/Users/wolfgangbauer/.m2/repository/org/codehaus/plexus/plexus-classworlds/2.6.0/plexus-classworlds-2.6.0.jar:/Users/wolfgangbauer/.m2/repository/commons-cli/commons-cli/1.8.0/commons-cli-1.8.0.jar:/Users/wolfgangbauer/.m2/repository/org/eclipse/sisu/org.eclipse.sisu.plexus/0.9.0.M3/org.eclipse.sisu.plexus-0.9.0.M3.jar:/Users/wolfgangbauer/.m2/repository/org/apache/maven/maven-settings-builder/3.9.9/maven-settings-builder-3.9.9.jar:/Users/wolfgangbauer/.m2/repository/org/apache/maven/maven-resolver-provider/3.9.9/maven-resolver-provider-3.9.9.jar:/Users/wolfgangbauer/.m2/repository/org/apache/maven/resolver/maven-resolver-connector-basic/1.9.22/maven-resolver-connector-basic-1.9.22.jar:/Users/wolfgangbauer/.m2/repository/org/apache/maven/resolver/maven-resolver-transport-wagon/1.9.22/maven-resolver-transport-wagon-1.9.22.jar:/Users/wolfgangbauer/.m2/repository/org/apache/maven/wagon/wagon-http/3.5.3/wagon-http-3.5.3.jar:/Users/wolfgangbauer/.m2/repository/org/apache/maven/wagon/wagon-file/3.5.3/wagon-file-3.5.3.jar:/Users/wolfgangbauer/.m2/repository/io/quarkus/quarkus-bootstrap-gradle-resolver/3.16.1/quarkus-bootstrap-gradle-resolver-3.16.1.jar:/Users/wolfgangbauer/.m2/repository/commons-io/commons-io/2.17.0/commons-io-2.17.0.jar:/Users/wolfgangbauer/.m2/repository/io/quarkus/quarkus-junit5-properties/3.16.1/quarkus-junit5-properties-3.16.1.jar:/Users/wolfgangbauer/.m2/repository/org/junit/jupiter/junit-jupiter/5.10.5/junit-jupiter-5.10.5.jar:/Users/wolfgangbauer/.m2/repository/org/junit/jupiter/junit-jupiter-api/5.10.5/junit-jupiter-api-5.10.5.jar:/Users/wolfgangbauer/.m2/repository/org/opentest4j/opentest4j/1.3.0/opentest4j-1.3.0.jar:/Users/wolfgangbauer/.m2/repository/org/junit/platform/junit-platform-commons/1.10.5/junit-platform-commons-1.10.5.jar:/Users/wolfgangbauer/.m2/repository/org/apiguardian/apiguardian-api/1.1.2/apiguardian-api-1.1.2.jar:/Users/wolfgangbauer/.m2/repository/org/junit/jupiter/junit-jupiter-params/5.10.5/junit-jupiter-params-5.10.5.jar:/Users/wolfgangbauer/.m2/repository/org/junit/jupiter/junit-jupiter-engine/5.10.5/junit-jupiter-engine-5.10.5.jar:/Users/wolfgangbauer/.m2/repository/org/junit/platform/junit-platform-engine/1.10.5/junit-platform-engine-1.10.5.jar:/Users/wolfgangbauer/.m2/repository/org/jboss/marshalling/jboss-marshalling/2.2.1.Final/jboss-marshalling-2.2.1.Final.jar:/Users/wolfgangbauer/.m2/repository/io/rest-assured/rest-assured/5.5.0/rest-assured-5.5.0.jar:/Users/wolfgangbauer/.m2/repository/org/apache/groovy/groovy/4.0.22/groovy-4.0.22.jar:/Users/wolfgangbauer/.m2/repository/org/apache/groovy/groovy-xml/4.0.22/groovy-xml-4.0.22.jar:/Users/wolfgangbauer/.m2/repository/org/apache/httpcomponents/httpclient/4.5.14/httpclient-4.5.14.jar:/Users/wolfgangbauer/.m2/repository/org/apache/httpcomponents/httpcore/4.4.16/httpcore-4.4.16.jar:/Users/wolfgangbauer/.m2/repository/commons-codec/commons-codec/1.17.1/commons-codec-1.17.1.jar:/Users/wolfgangbauer/.m2/repository/org/apache/httpcomponents/httpmime/4.5.14/httpmime-4.5.14.jar:/Users/wolfgangbauer/.m2/repository/org/hamcrest/hamcrest/2.2/hamcrest-2.2.jar:/Users/wolfgangbauer/.m2/repository/org/ccil/cowan/tagsoup/tagsoup/1.2.1/tagsoup-1.2.1.jar:/Users/wolfgangbauer/.m2/repository/io/rest-assured/json-path/5.5.0/json-path-5.5.0.jar:/Users/wolfgangbauer/.m2/repository/org/apache/groovy/groovy-json/4.0.22/groovy-json-4.0.22.jar:/Users/wolfgangbauer/.m2/repository/io/rest-assured/rest-assured-common/5.5.0/rest-assured-common-5.5.0.jar:/Users/wolfgangbauer/.m2/repository/io/rest-assured/xml-path/5.5.0/xml-path-5.5.0.jar:/Users/wolfgangbauer/.m2/repository/org/apache/commons/commons-lang3/3.17.0/commons-lang3-3.17.0.jar:/Users/wolfgangbauer/.m2/repository/io/quarkiverse/openapi/generator/quarkus-openapi-generator/2.2.15/quarkus-openapi-generator-2.2.15.jar:/Users/wolfgangbauer/.m2/repository/io/quarkus/quarkus-qute/3.16.1/quarkus-qute-3.16.1.jar:/Users/wolfgangbauer/.m2/repository/io/quarkus/qute/qute-core/3.16.1/qute-core-3.16.1.jar:/Users/wolfgangbauer/.m2/repository/org/assertj/assertj-core/3.24.2/assertj-core-3.24.2.jar:/Users/wolfgangbauer/.m2/repository/net/bytebuddy/byte-buddy/1.14.18/byte-buddy-1.14.18.jar:"/>
    <property name="sun.cpu.endian" value="little"/>
    <property name="vertx.disableWebsockets" value="true"/>
    <property name="user.home" value="/Users/wolfgangbauer"/>
    <property name="user.language" value="de"/>
    <property name="jboss.log-version" value="false"/>
    <property name="java.specification.vendor" value="Oracle Corporation"/>
    <property name="io.netty.allocator.maxOrder" value="3"/>
    <property name="java.version.date" value="2024-10-15"/>
    <property name="java.home" value="/opt/homebrew/Cellar/openjdk/23.0.1/libexec/openjdk.jdk/Contents/Home"/>
    <property name="file.separator" value="/"/>
    <property name="basedir" value="/Users/wolfgangbauer/dev/workspace/quarkus-lambda/myrestapi"/>
    <property name="java.vm.compressedOopsMode" value="Zero based"/>
    <property name="line.separator" value="&#10;"/>
    <property name="java.vm.specification.vendor" value="Oracle Corporation"/>
    <property name="java.specification.name" value="Java Platform API Specification"/>
    <property name="apple.awt.application.name" value="ForkedBooter"/>
    <property name="surefire.real.class.path" value="/Users/wolfgangbauer/dev/workspace/quarkus-lambda/myrestapi/target/surefire/surefirebooter-20241031184234876_3.jar"/>
    <property name="sun.management.compiler" value="HotSpot 64-Bit Tiered Compilers"/>
    <property name="ftp.nonProxyHosts" value="local|*.local|169.254/16|*.169.254/16"/>
    <property name="java.runtime.version" value="23.0.1"/>
    <property name="user.name" value="wolfgangbauer"/>
    <property name="stdout.encoding" value="UTF-8"/>
    <property name="path.separator" value=":"/>
    <property name="os.version" value="15.1"/>
    <property name="java.runtime.name" value="OpenJDK Runtime Environment"/>
    <property name="file.encoding" value="UTF-8"/>
    <property name="java.vm.name" value="OpenJDK 64-Bit Server VM"/>
    <property name="java.vendor.version" value="Homebrew"/>
    <property name="localRepository" value="/Users/wolfgangbauer/.m2/repository"/>
    <property name="java.vendor.url.bug" value="https://github.com/Homebrew/homebrew-core/issues"/>
    <property name="java.io.tmpdir" value="/var/folders/b1/v2c0n8lj4pl6hnj0kpb5jxwm0000gn/T/"/>
    <property name="quarkus.log.file.path" value="target/quarkus.log"/>
    <property name="java.version" value="23.0.1"/>
    <property name="java.util.concurrent.ForkJoinPool.common.threadFactory" value="io.quarkus.bootstrap.forkjoin.QuarkusForkJoinWorkerThreadFactory"/>
    <property name="user.dir" value="/Users/wolfgangbauer/dev/workspace/quarkus-lambda/myrestapi"/>
    <property name="os.arch" value="aarch64"/>
    <property name="java.vm.specification.name" value="Java Virtual Machine Specification"/>
    <property name="vertx.disableDnsResolver" value="true"/>
    <property name="com.amazonaws.xray.traceHeader" value="4aafca2e-f199-4fea-8592-9547af7b236a"/>
    <property name="native.encoding" value="UTF-8"/>
    <property name="java.util.logging.manager" value="org.jboss.logmanager.LogManager"/>
    <property name="java.library.path" value="/Users/wolfgangbauer/Library/Java/Extensions:/Library/Java/Extensions:/Network/Library/Java/Extensions:/System/Library/Java/Extensions:/usr/lib/java:."/>
    <property name="java.vm.info" value="mixed mode, sharing"/>
    <property name="stderr.encoding" value="UTF-8"/>
    <property name="java.vendor" value="Homebrew"/>
    <property name="vertx.disableTCCL" value="true"/>
    <property name="java.vm.version" value="23.0.1"/>
    <property name="sun.io.unicode.encoding" value="UnicodeBig"/>
    <property name="io.netty.machineId" value="3b:4d:d3:17:61:5f:4d:22"/>
    <property name="socksNonProxyHosts" value="local|*.local|169.254/16|*.169.254/16"/>
    <property name="java.class.version" value="67.0"/>
  </properties>
  <testcase name="testZufallsscheinErstellen" classname="de.dimitri.LottoTest" time="0.466">
    <error message="com.fasterxml.jackson.core.JsonParseException: Unrecognized token &apos;class&apos;: was expecting (JSON String, Number, Array, Object or token &apos;null&apos;, &apos;true&apos; or &apos;false&apos;)&#10; at [Source: REDACTED (`StreamReadFeature.INCLUDE_SOURCE_IN_LOCATION` disabled); line: 1, column: 6]" type="java.lang.RuntimeException"><![CDATA[java.lang.RuntimeException: 
com.fasterxml.jackson.core.JsonParseException: Unrecognized token 'class': was expecting (JSON String, Number, Array, Object or token 'null', 'true' or 'false')
 at [Source: REDACTED (`StreamReadFeature.INCLUDE_SOURCE_IN_LOCATION` disabled); line: 1, column: 6]
	at io.restassured.internal.path.json.mapping.JsonPathJackson2ObjectDeserializer.deserialize(JsonPathJackson2ObjectDeserializer.java:30)
	at io.restassured.path.json.mapping.JsonPathObjectDeserializer$deserialize.call(Unknown Source)
	at org.codehaus.groovy.runtime.callsite.CallSiteArray.defaultCall(CallSiteArray.java:45)
	at org.codehaus.groovy.runtime.callsite.AbstractCallSite.call(AbstractCallSite.java:125)
	at org.codehaus.groovy.runtime.callsite.AbstractCallSite.call(AbstractCallSite.java:139)
	at io.restassured.internal.mapping.Jackson2Mapper.deserialize(Jackson2Mapper.groovy:58)
	at io.restassured.mapper.ObjectMapper$deserialize.call(Unknown Source)
	at org.codehaus.groovy.runtime.callsite.CallSiteArray.defaultCall(CallSiteArray.java:45)
	at org.codehaus.groovy.runtime.callsite.AbstractCallSite.call(AbstractCallSite.java:125)
	at org.codehaus.groovy.runtime.callsite.AbstractCallSite.call(AbstractCallSite.java:139)
	at io.restassured.internal.mapping.ObjectMapping.parseWithJackson2(ObjectMapping.groovy:254)
	at io.restassured.internal.mapping.ObjectMapping$parseWithJackson2$0.callStatic(Unknown Source)
	at org.codehaus.groovy.runtime.callsite.CallSiteArray.defaultCallStatic(CallSiteArray.java:53)
	at org.codehaus.groovy.runtime.callsite.AbstractCallSite.callStatic(AbstractCallSite.java:217)
	at org.codehaus.groovy.runtime.callsite.AbstractCallSite.callStatic(AbstractCallSite.java:240)
	at io.restassured.internal.mapping.ObjectMapping.deserialize(ObjectMapping.groovy:56)
	at io.restassured.internal.mapping.ObjectMapping$deserialize.call(Unknown Source)
	at org.codehaus.groovy.runtime.callsite.CallSiteArray.defaultCall(CallSiteArray.java:45)
	at org.codehaus.groovy.runtime.callsite.AbstractCallSite.call(AbstractCallSite.java:125)
	at io.restassured.internal.RestAssuredResponseOptionsGroovyImpl.as(RestAssuredResponseOptionsGroovyImpl.groovy:229)
	at io.restassured.internal.RestAssuredResponseOptionsImpl.as(RestAssuredResponseOptionsImpl.java:169)
	at de.dimitri.LottoTest.testZufallsscheinErstellen(LottoTest.java:34)
	at java.base/java.lang.reflect.Method.invoke(Method.java:580)
	at io.quarkus.test.junit.QuarkusTestExtension.runExtensionMethod(QuarkusTestExtension.java:971)
	at io.quarkus.test.junit.QuarkusTestExtension.interceptTestMethod(QuarkusTestExtension.java:821)
	at java.base/java.util.ArrayList.forEach(ArrayList.java:1597)
	at java.base/java.util.ArrayList.forEach(ArrayList.java:1597)
Caused by: com.fasterxml.jackson.core.JsonParseException: Unrecognized token 'class': was expecting (JSON String, Number, Array, Object or token 'null', 'true' or 'false')
 at [Source: REDACTED (`StreamReadFeature.INCLUDE_SOURCE_IN_LOCATION` disabled); line: 1, column: 6]
	at com.fasterxml.jackson.core.JsonParser._constructError(JsonParser.java:2584)
	at com.fasterxml.jackson.core.JsonParser._constructReadException(JsonParser.java:2610)
	at com.fasterxml.jackson.core.JsonParser._constructReadException(JsonParser.java:2618)
	at com.fasterxml.jackson.core.base.ParserMinimalBase._reportError(ParserMinimalBase.java:825)
	at com.fasterxml.jackson.core.json.ReaderBasedJsonParser._reportInvalidToken(ReaderBasedJsonParser.java:3017)
	at com.fasterxml.jackson.core.json.ReaderBasedJsonParser._handleOddValue(ReaderBasedJsonParser.java:2051)
	at com.fasterxml.jackson.core.json.ReaderBasedJsonParser.nextToken(ReaderBasedJsonParser.java:780)
	at com.fasterxml.jackson.databind.ObjectMapper._initForReading(ObjectMapper.java:5004)
	at com.fasterxml.jackson.databind.ObjectMapper._readMapAndClose(ObjectMapper.java:4910)
	at com.fasterxml.jackson.databind.ObjectMapper.readValue(ObjectMapper.java:3860)
	at io.restassured.internal.path.json.mapping.JsonPathJackson2ObjectDeserializer.deserialize(JsonPathJackson2ObjectDeserializer.java:28)
	... 26 more
]]></error>
    <system-out><![CDATA[2024-10-31 18:42:36,354 INFO  [io.qua.ama.lam.run.MockEventServer] (build-38) Mock Lambda Event Server Started
2024-10-31 18:42:36,545 WARN  [io.qua.res.rea.ser.dep.QuarkusServerEndpointIndexer] (build-33) Quarkus detected the use of JSON in JAX-RS method 'org.openapi.quarkus.api_yaml.api.DefaultApi#lottoscheinAbgebenPost' but no JSON extension has been added. Consider adding 'quarkus-rest-jackson' (recommended) or 'quarkus-rest-jsonb'.
2024-10-31 18:42:36,546 WARN  [io.qua.res.rea.ser.dep.QuarkusServerEndpointIndexer] (build-33) Quarkus detected the use of JSON in JAX-RS method 'org.openapi.quarkus.api_yaml.api.DefaultApi#lottoscheinErstellenGet' but no JSON extension has been added. Consider adding 'quarkus-rest-jackson' (recommended) or 'quarkus-rest-jsonb'.
2024-10-31 18:42:36,546 WARN  [io.qua.res.rea.ser.dep.QuarkusServerEndpointIndexer] (build-33) Quarkus detected the use of JSON in JAX-RS method 'org.openapi.quarkus.api_yaml.api.DefaultApi#lottoscheinZufallsscheinGet' but no JSON extension has been added. Consider adding 'quarkus-rest-jackson' (recommended) or 'quarkus-rest-jsonb'.
2024-10-31 18:42:36,985 INFO  [io.qua.ama.lam.run.AbstractLambdaPollLoop] (Lambda Thread (TEST)) Listening on: http://localhost:8081/_lambda_/2018-06-01/runtime/invocation/next
2024-10-31 18:42:37,000 INFO  [io.quarkus] (main) myrestapi 1.0-SNAPSHOT on JVM (powered by Quarkus 3.16.1) started in 1.403s. 
2024-10-31 18:42:37,000 INFO  [io.quarkus] (main) Profile test activated. 
2024-10-31 18:42:37,000 INFO  [io.quarkus] (main) Installed features: [amazon-lambda, cdi, qute, rest, rest-client, rest-client-jackson, security, smallrye-context-propagation, smallrye-openapi, swagger-ui, vertx]
]]></system-out>
  </testcase>
  <testcase name="testScheinerstellen" classname="de.dimitri.LottoTest" time="0.008">
    <error message="com.fasterxml.jackson.core.JsonParseException: Unrecognized token &apos;class&apos;: was expecting (JSON String, Number, Array, Object or token &apos;null&apos;, &apos;true&apos; or &apos;false&apos;)&#10; at [Source: REDACTED (`StreamReadFeature.INCLUDE_SOURCE_IN_LOCATION` disabled); line: 1, column: 6]" type="java.lang.RuntimeException"><![CDATA[java.lang.RuntimeException: 
com.fasterxml.jackson.core.JsonParseException: Unrecognized token 'class': was expecting (JSON String, Number, Array, Object or token 'null', 'true' or 'false')
 at [Source: REDACTED (`StreamReadFeature.INCLUDE_SOURCE_IN_LOCATION` disabled); line: 1, column: 6]
	at io.restassured.internal.path.json.mapping.JsonPathJackson2ObjectDeserializer.deserialize(JsonPathJackson2ObjectDeserializer.java:30)
	at io.restassured.path.json.mapping.JsonPathObjectDeserializer$deserialize.call(Unknown Source)
	at io.restassured.internal.mapping.Jackson2Mapper.deserialize(Jackson2Mapper.groovy:58)
	at io.restassured.mapper.ObjectMapper$deserialize.call(Unknown Source)
	at io.restassured.internal.mapping.ObjectMapping.parseWithJackson2(ObjectMapping.groovy:254)
	at io.restassured.internal.mapping.ObjectMapping$parseWithJackson2$0.callStatic(Unknown Source)
	at io.restassured.internal.mapping.ObjectMapping.deserialize(ObjectMapping.groovy:56)
	at io.restassured.internal.mapping.ObjectMapping$deserialize.call(Unknown Source)
	at io.restassured.internal.RestAssuredResponseOptionsGroovyImpl.as(RestAssuredResponseOptionsGroovyImpl.groovy:229)
	at io.restassured.internal.RestAssuredResponseOptionsImpl.as(RestAssuredResponseOptionsImpl.java:169)
	at de.dimitri.LottoTest.testScheinerstellen(LottoTest.java:25)
	at java.base/java.lang.reflect.Method.invoke(Method.java:580)
	at io.quarkus.test.junit.QuarkusTestExtension.runExtensionMethod(QuarkusTestExtension.java:971)
	at io.quarkus.test.junit.QuarkusTestExtension.interceptTestMethod(QuarkusTestExtension.java:821)
	at java.base/java.util.ArrayList.forEach(ArrayList.java:1597)
	at java.base/java.util.ArrayList.forEach(ArrayList.java:1597)
Caused by: com.fasterxml.jackson.core.JsonParseException: Unrecognized token 'class': was expecting (JSON String, Number, Array, Object or token 'null', 'true' or 'false')
 at [Source: REDACTED (`StreamReadFeature.INCLUDE_SOURCE_IN_LOCATION` disabled); line: 1, column: 6]
	at com.fasterxml.jackson.core.JsonParser._constructError(JsonParser.java:2584)
	at com.fasterxml.jackson.core.JsonParser._constructReadException(JsonParser.java:2610)
	at com.fasterxml.jackson.core.JsonParser._constructReadException(JsonParser.java:2618)
	at com.fasterxml.jackson.core.base.ParserMinimalBase._reportError(ParserMinimalBase.java:825)
	at com.fasterxml.jackson.core.json.ReaderBasedJsonParser._reportInvalidToken(ReaderBasedJsonParser.java:3017)
	at com.fasterxml.jackson.core.json.ReaderBasedJsonParser._handleOddValue(ReaderBasedJsonParser.java:2051)
	at com.fasterxml.jackson.core.json.ReaderBasedJsonParser.nextToken(ReaderBasedJsonParser.java:780)
	at com.fasterxml.jackson.databind.ObjectMapper._initForReading(ObjectMapper.java:5004)
	at com.fasterxml.jackson.databind.ObjectMapper._readMapAndClose(ObjectMapper.java:4910)
	at com.fasterxml.jackson.databind.ObjectMapper.readValue(ObjectMapper.java:3860)
	at io.restassured.internal.path.json.mapping.JsonPathJackson2ObjectDeserializer.deserialize(JsonPathJackson2ObjectDeserializer.java:28)
	... 15 more
]]></error>
  </testcase>
</testsuite>